{
  "stats": {
    "suites": 1,
    "tests": 5,
    "passes": 4,
    "pending": 0,
    "failures": 1,
    "start": "2024-06-04T09:17:27.043Z",
    "end": "2024-06-04T09:17:41.839Z",
    "duration": 14796,
    "testsRegistered": 5,
    "passPercent": 80,
    "pendingPercent": 0,
    "other": 0,
    "hasOther": false,
    "skipped": 0,
    "hasSkipped": false
  },
  "results": [
    {
      "uuid": "ce92439b-6f42-4ef0-b507-317b1531e1c2",
      "title": "",
      "fullFile": "cypress\\e2e\\login.cy.js",
      "file": "cypress\\e2e\\login.cy.js",
      "beforeHooks": [],
      "afterHooks": [],
      "tests": [],
      "suites": [
        {
          "uuid": "1b69b566-ef27-443b-b7cc-83938dbd7b4d",
          "title": "Login Page Tests",
          "fullFile": "",
          "file": "",
          "beforeHooks": [],
          "afterHooks": [],
          "tests": [
            {
              "title": "verifying logo and header exist",
              "fullTitle": "Login Page Tests verifying logo and header exist",
              "timedOut": null,
              "duration": 794,
              "state": "passed",
              "speed": "fast",
              "pass": true,
              "fail": false,
              "pending": false,
              "context": null,
              "code": "_loginPage.default.visit();\n_loginPage.default.getLogo().should('exist');\n_loginPage.default.getHeader().should('exist');",
              "err": {},
              "uuid": "606868c7-8475-4e4a-b31a-e85aae9150e1",
              "parentUUID": "1b69b566-ef27-443b-b7cc-83938dbd7b4d",
              "isHook": false,
              "skipped": false
            },
            {
              "title": "log in with invalid generic credentials",
              "fullTitle": "Login Page Tests log in with invalid generic credentials",
              "timedOut": null,
              "duration": 1234,
              "state": "passed",
              "speed": "fast",
              "pass": true,
              "fail": false,
              "pending": false,
              "context": null,
              "code": "_loginPage.default.visit();\n_genericUser.default.forEach(({\n  email,\n  password\n}, index) => {\n  cy.log(`**adding credentials, run # ${index}, checking elements**`);\n  _loginPage.default.submitLogInForm(email, password);\n  _loginPage.default.getEmailError().should('contain', 'No account found with that username.');\n});",
              "err": {},
              "uuid": "96241113-4dfa-4b99-b26b-eaaa091a7d0f",
              "parentUUID": "1b69b566-ef27-443b-b7cc-83938dbd7b4d",
              "isHook": false,
              "skipped": false
            },
            {
              "title": "log in with invalid manual credentials",
              "fullTitle": "Login Page Tests log in with invalid manual credentials",
              "timedOut": null,
              "duration": 951,
              "state": "passed",
              "speed": "fast",
              "pass": true,
              "fail": false,
              "pending": false,
              "context": null,
              "code": "_loginPage.default.visit();\n_user.default.forEach(({\n  email,\n  password\n}, index) => {\n  cy.log(`**adding credentials, run # ${index}, checking elements**`);\n  _loginPage.default.submitLogInForm(email, password);\n  _loginPage.default.getEmailError().should('contain', 'No account found with that username.');\n});",
              "err": {},
              "uuid": "eec11ed4-6f70-4ce6-bf39-b532c7f1f797",
              "parentUUID": "1b69b566-ef27-443b-b7cc-83938dbd7b4d",
              "isHook": false,
              "skipped": false
            },
            {
              "title": "Error messages check",
              "fullTitle": "Login Page Tests Error messages check",
              "timedOut": null,
              "duration": 323,
              "state": "passed",
              "speed": "fast",
              "pass": true,
              "fail": false,
              "pending": false,
              "context": null,
              "code": "_loginPage.default.visit();\n_loginPage.default.clickLoginBtn();\n_loginPage.default.getEmailError().should('contain', 'Please enter username.');\n_loginPage.default.getPasswordError().should('contain', 'Please enter your password.');",
              "err": {},
              "uuid": "69aca752-8d08-4fbf-8d0d-59fa82ca0ef9",
              "parentUUID": "1b69b566-ef27-443b-b7cc-83938dbd7b4d",
              "isHook": false,
              "skipped": false
            },
            {
              "title": "log in with valid manual credentials",
              "fullTitle": "Login Page Tests log in with valid manual credentials",
              "timedOut": null,
              "duration": 11309,
              "state": "failed",
              "speed": null,
              "pass": false,
              "fail": true,
              "pending": false,
              "context": null,
              "code": "_loginPage.default.visit();\n_validUser.default.forEach(({\n  email,\n  password\n}, index) => {\n  cy.log(`**adding credentials, run # ${index}, checking elements**`);\n  _loginPage.default.submitLogInForm(email, password);\n  cy.url().should('include', '/home');\n});",
              "err": {
                "message": "AssertionError: Timed out retrying after 10000ms: expected 'https://www.pecodesoftware.com/qa-portal/registerlogin/registerlogin.php/' to include '/home'",
                "estack": "AssertionError: Timed out retrying after 10000ms: expected 'https://www.pecodesoftware.com/qa-portal/registerlogin/registerlogin.php/' to include '/home'\n    at eval (webpack:///./cypress/e2e/login.cy.js:51:21)\nat Array.forEach (<anonymous>)\n    at Context.eval (webpack:///./cypress/e2e/login.cy.js:48:18)",
                "diff": null
              },
              "uuid": "e18d1468-fe91-41f3-9783-ffcb021285bc",
              "parentUUID": "1b69b566-ef27-443b-b7cc-83938dbd7b4d",
              "isHook": false,
              "skipped": false
            }
          ],
          "suites": [],
          "passes": [
            "606868c7-8475-4e4a-b31a-e85aae9150e1",
            "96241113-4dfa-4b99-b26b-eaaa091a7d0f",
            "eec11ed4-6f70-4ce6-bf39-b532c7f1f797",
            "69aca752-8d08-4fbf-8d0d-59fa82ca0ef9"
          ],
          "failures": [
            "e18d1468-fe91-41f3-9783-ffcb021285bc"
          ],
          "pending": [],
          "skipped": [],
          "duration": 14611,
          "root": false,
          "rootEmpty": false,
          "_timeout": 2000
        }
      ],
      "passes": [],
      "failures": [],
      "pending": [],
      "skipped": [],
      "duration": 0,
      "root": true,
      "rootEmpty": true,
      "_timeout": 2000
    }
  ],
  "meta": {
    "mocha": {
      "version": "7.0.1"
    },
    "mochawesome": {
      "options": {
        "quiet": false,
        "reportFilename": "mochawesome",
        "saveHtml": true,
        "saveJson": true,
        "consoleReporter": "spec",
        "useInlineDiffs": false,
        "code": true
      },
      "version": "7.1.3"
    },
    "marge": {
      "options": {
        "reportDir": "cypress/reports/mochawesome",
        "overwrite": true,
        "html": true,
        "json": true
      },
      "version": "6.2.0"
    }
  }
}